<?xml version="1.0" encoding="UTF-8"?>
<coverage generated="1637495041641" clover="3.2.0">
  <project timestamp="1637495041641" name="All files">
    <metrics statements="19" coveredstatements="13" conditionals="6" coveredconditionals="2" methods="1" coveredmethods="1" elements="26" coveredelements="16" complexity="0" loc="19" ncloc="19" packages="1" files="1" classes="1"/>
    <file name="chipierAtbash.js" path="E:\_NONDE\RR_NODE_2021Q4\task1-ciphering-cli-tool\chipier\chipierAtbash.js">
      <metrics statements="19" coveredstatements="13" conditionals="6" coveredconditionals="2" methods="1" coveredmethods="1"/>
      <line num="1" count="1" type="stmt"/>
      <line num="3" count="1" type="stmt"/>
      <line num="5" count="1" type="stmt"/>
      <line num="6" count="1" type="stmt"/>
      <line num="7" count="1" type="stmt"/>
      <line num="9" count="1" type="stmt"/>
      <line num="11" count="1" type="stmt"/>
      <line num="13" count="3" type="cond" truecount="1" falsecount="1"/>
      <line num="16" count="3" type="stmt"/>
      <line num="18" count="3" type="cond" truecount="1" falsecount="1"/>
      <line num="19" count="3" type="stmt"/>
      <line num="20" count="3" type="stmt"/>
      <line num="23" count="0" type="stmt"/>
      <line num="28" count="0" type="stmt"/>
      <line num="30" count="0" type="cond" truecount="0" falsecount="2"/>
      <line num="31" count="0" type="stmt"/>
      <line num="32" count="0" type="stmt"/>
      <line num="35" count="0" type="stmt"/>
      <line num="42" count="1" type="stmt"/>
    </file>
  </project>
</coverage>
