{"E:\\_NONDE\\RR_NODE_2021Q4\\task1-ciphering-cli-tool\\index.js": {"path":"E:\\_NONDE\\RR_NODE_2021Q4\\task1-ciphering-cli-tool\\index.js","statementMap":{"0":{"start":{"line":7,"column":12},"end":{"line":7,"column":23}},"1":{"start":{"line":9,"column":12},"end":{"line":37,"column":1}},"2":{"start":{"line":10,"column":4},"end":{"line":36,"column":5}},"3":{"start":{"line":11,"column":26},"end":{"line":11,"column":42}},"4":{"start":{"line":13,"column":29},"end":{"line":13,"column":66}},"5":{"start":{"line":15,"column":33},"end":{"line":15,"column":86}},"6":{"start":{"line":15,"column":56},"end":{"line":15,"column":85}},"7":{"start":{"line":17,"column":28},"end":{"line":17,"column":102}},"8":{"start":{"line":18,"column":29},"end":{"line":18,"column":106}},"9":{"start":{"line":22,"column":8},"end":{"line":33,"column":9}},"10":{"start":{"line":27,"column":16},"end":{"line":31,"column":17}},"11":{"start":{"line":28,"column":20},"end":{"line":28,"column":58}},"12":{"start":{"line":30,"column":20},"end":{"line":30,"column":37}},"13":{"start":{"line":35,"column":8},"end":{"line":35,"column":23}},"14":{"start":{"line":40,"column":0},"end":{"line":40,"column":6}}},"fnMap":{"0":{"name":"(anonymous_0)","decl":{"start":{"line":9,"column":12},"end":{"line":9,"column":13}},"loc":{"start":{"line":9,"column":24},"end":{"line":37,"column":1}},"line":9},"1":{"name":"(anonymous_1)","decl":{"start":{"line":15,"column":50},"end":{"line":15,"column":51}},"loc":{"start":{"line":15,"column":56},"end":{"line":15,"column":85}},"line":15},"2":{"name":"(anonymous_2)","decl":{"start":{"line":26,"column":12},"end":{"line":26,"column":13}},"loc":{"start":{"line":26,"column":19},"end":{"line":32,"column":13}},"line":26}},"branchMap":{"0":{"loc":{"start":{"line":17,"column":28},"end":{"line":17,"column":102}},"type":"cond-expr","locations":[{"start":{"line":17,"column":46},"end":{"line":17,"column":86}},{"start":{"line":17,"column":89},"end":{"line":17,"column":102}}],"line":17},"1":{"loc":{"start":{"line":18,"column":29},"end":{"line":18,"column":106}},"type":"cond-expr","locations":[{"start":{"line":18,"column":47},"end":{"line":18,"column":89}},{"start":{"line":18,"column":92},"end":{"line":18,"column":106}}],"line":18},"2":{"loc":{"start":{"line":27,"column":16},"end":{"line":31,"column":17}},"type":"if","locations":[{"start":{"line":27,"column":16},"end":{"line":31,"column":17}},{"start":{"line":29,"column":23},"end":{"line":31,"column":17}}],"line":27}},"s":{"0":0,"1":0,"2":0,"3":0,"4":0,"5":0,"6":0,"7":0,"8":0,"9":0,"10":0,"11":0,"12":0,"13":0,"14":0},"f":{"0":0,"1":0,"2":0},"b":{"0":[0,0],"1":[0,0],"2":[0,0]}}
,"E:\\_NONDE\\RR_NODE_2021Q4\\task1-ciphering-cli-tool\\chipier\\chipierAtbash.js": {"path":"E:\\_NONDE\\RR_NODE_2021Q4\\task1-ciphering-cli-tool\\chipier\\chipierAtbash.js","statementMap":{"0":{"start":{"line":1,"column":12},"end":{"line":1,"column":23}},"1":{"start":{"line":3,"column":29},"end":{"line":43,"column":1}},"2":{"start":{"line":5,"column":31},"end":{"line":5,"column":59}},"3":{"start":{"line":6,"column":31},"end":{"line":6,"column":63}},"4":{"start":{"line":7,"column":26},"end":{"line":7,"column":51}},"5":{"start":{"line":9,"column":17},"end":{"line":9,"column":19}},"6":{"start":{"line":11,"column":4},"end":{"line":40,"column":5}},"7":{"start":{"line":13,"column":8},"end":{"line":38,"column":9}},"8":{"start":{"line":16,"column":30},"end":{"line":16,"column":62}},"9":{"start":{"line":18,"column":12},"end":{"line":24,"column":13}},"10":{"start":{"line":19,"column":35},"end":{"line":19,"column":66}},"11":{"start":{"line":20,"column":16},"end":{"line":20,"column":57}},"12":{"start":{"line":23,"column":16},"end":{"line":23,"column":31}},"13":{"start":{"line":28,"column":30},"end":{"line":28,"column":62}},"14":{"start":{"line":30,"column":12},"end":{"line":36,"column":13}},"15":{"start":{"line":31,"column":35},"end":{"line":31,"column":66}},"16":{"start":{"line":32,"column":16},"end":{"line":32,"column":57}},"17":{"start":{"line":35,"column":16},"end":{"line":35,"column":31}},"18":{"start":{"line":42,"column":4},"end":{"line":42,"column":18}}},"fnMap":{"0":{"name":"(anonymous_0)","decl":{"start":{"line":3,"column":29},"end":{"line":3,"column":30}},"loc":{"start":{"line":3,"column":37},"end":{"line":43,"column":1}},"line":3}},"branchMap":{"0":{"loc":{"start":{"line":13,"column":8},"end":{"line":38,"column":9}},"type":"if","locations":[{"start":{"line":13,"column":8},"end":{"line":38,"column":9}},{"start":{"line":26,"column":15},"end":{"line":38,"column":9}}],"line":13},"1":{"loc":{"start":{"line":18,"column":12},"end":{"line":24,"column":13}},"type":"if","locations":[{"start":{"line":18,"column":12},"end":{"line":24,"column":13}},{"start":{"line":22,"column":19},"end":{"line":24,"column":13}}],"line":18},"2":{"loc":{"start":{"line":30,"column":12},"end":{"line":36,"column":13}},"type":"if","locations":[{"start":{"line":30,"column":12},"end":{"line":36,"column":13}},{"start":{"line":34,"column":19},"end":{"line":36,"column":13}}],"line":30}},"s":{"0":1,"1":1,"2":4,"3":4,"4":4,"5":4,"6":4,"7":15,"8":9,"9":9,"10":3,"11":3,"12":6,"13":6,"14":6,"15":3,"16":3,"17":3,"18":4},"f":{"0":4},"b":{"0":[9,6],"1":[3,6],"2":[3,3]},"_coverageSchema":"1a1c01bbd47fc00a2c39e90264f33305004495a9","hash":"e2d0d3670dd4eb934a68908e6ac3881fdc95fe8f"}
,"E:\\_NONDE\\RR_NODE_2021Q4\\task1-ciphering-cli-tool\\chipier\\chipierCaesar.js": {"path":"E:\\_NONDE\\RR_NODE_2021Q4\\task1-ciphering-cli-tool\\chipier\\chipierCaesar.js","statementMap":{"0":{"start":{"line":1,"column":12},"end":{"line":1,"column":23}},"1":{"start":{"line":3,"column":29},"end":{"line":58,"column":1}},"2":{"start":{"line":5,"column":31},"end":{"line":5,"column":59}},"3":{"start":{"line":6,"column":31},"end":{"line":6,"column":63}},"4":{"start":{"line":7,"column":26},"end":{"line":7,"column":51}},"5":{"start":{"line":10,"column":17},"end":{"line":10,"column":19}},"6":{"start":{"line":12,"column":4},"end":{"line":55,"column":5}},"7":{"start":{"line":14,"column":8},"end":{"line":51,"column":9}},"8":{"start":{"line":16,"column":30},"end":{"line":16,"column":62}},"9":{"start":{"line":18,"column":12},"end":{"line":31,"column":13}},"10":{"start":{"line":20,"column":33},"end":{"line":20,"column":69}},"11":{"start":{"line":22,"column":16},"end":{"line":25,"column":17}},"12":{"start":{"line":23,"column":20},"end":{"line":23,"column":60}},"13":{"start":{"line":24,"column":21},"end":{"line":24,"column":37}},"14":{"start":{"line":27,"column":16},"end":{"line":27,"column":57}},"15":{"start":{"line":30,"column":16},"end":{"line":30,"column":31}},"16":{"start":{"line":34,"column":30},"end":{"line":34,"column":62}},"17":{"start":{"line":36,"column":12},"end":{"line":49,"column":13}},"18":{"start":{"line":38,"column":33},"end":{"line":38,"column":69}},"19":{"start":{"line":40,"column":16},"end":{"line":43,"column":17}},"20":{"start":{"line":41,"column":20},"end":{"line":41,"column":60}},"21":{"start":{"line":45,"column":16},"end":{"line":45,"column":57}},"22":{"start":{"line":48,"column":16},"end":{"line":48,"column":31}},"23":{"start":{"line":57,"column":4},"end":{"line":57,"column":18}}},"fnMap":{"0":{"name":"(anonymous_0)","decl":{"start":{"line":3,"column":29},"end":{"line":3,"column":30}},"loc":{"start":{"line":3,"column":47},"end":{"line":58,"column":1}},"line":3}},"branchMap":{"0":{"loc":{"start":{"line":14,"column":8},"end":{"line":51,"column":9}},"type":"if","locations":[{"start":{"line":14,"column":8},"end":{"line":51,"column":9}},{"start":{"line":32,"column":15},"end":{"line":51,"column":9}}],"line":14},"1":{"loc":{"start":{"line":18,"column":12},"end":{"line":31,"column":13}},"type":"if","locations":[{"start":{"line":18,"column":12},"end":{"line":31,"column":13}},{"start":{"line":29,"column":19},"end":{"line":31,"column":13}}],"line":18},"2":{"loc":{"start":{"line":22,"column":16},"end":{"line":25,"column":17}},"type":"if","locations":[{"start":{"line":22,"column":16},"end":{"line":25,"column":17}},{"start":{},"end":{}}],"line":22},"3":{"loc":{"start":{"line":36,"column":12},"end":{"line":49,"column":13}},"type":"if","locations":[{"start":{"line":36,"column":12},"end":{"line":49,"column":13}},{"start":{"line":47,"column":19},"end":{"line":49,"column":13}}],"line":36},"4":{"loc":{"start":{"line":40,"column":16},"end":{"line":43,"column":17}},"type":"if","locations":[{"start":{"line":40,"column":16},"end":{"line":43,"column":17}},{"start":{},"end":{}}],"line":40}},"s":{"0":1,"1":1,"2":7,"3":7,"4":7,"5":7,"6":7,"7":24,"8":12,"9":12,"10":6,"11":6,"12":3,"13":3,"14":6,"15":6,"16":12,"17":12,"18":6,"19":6,"20":3,"21":6,"22":6,"23":7},"f":{"0":7},"b":{"0":[12,12],"1":[6,6],"2":[3,3],"3":[6,6],"4":[3,3]},"_coverageSchema":"1a1c01bbd47fc00a2c39e90264f33305004495a9","hash":"e905a1fdda0c87bf2dedc68269d38772e4687ce4"}
,"E:\\_NONDE\\RR_NODE_2021Q4\\task1-ciphering-cli-tool\\chipier\\chipierROT8.js": {"path":"E:\\_NONDE\\RR_NODE_2021Q4\\task1-ciphering-cli-tool\\chipier\\chipierROT8.js","statementMap":{"0":{"start":{"line":1,"column":12},"end":{"line":1,"column":23}},"1":{"start":{"line":3,"column":26},"end":{"line":58,"column":1}},"2":{"start":{"line":5,"column":31},"end":{"line":5,"column":59}},"3":{"start":{"line":6,"column":31},"end":{"line":6,"column":63}},"4":{"start":{"line":7,"column":26},"end":{"line":7,"column":51}},"5":{"start":{"line":10,"column":17},"end":{"line":10,"column":19}},"6":{"start":{"line":12,"column":4},"end":{"line":55,"column":5}},"7":{"start":{"line":14,"column":8},"end":{"line":51,"column":9}},"8":{"start":{"line":16,"column":30},"end":{"line":16,"column":62}},"9":{"start":{"line":18,"column":12},"end":{"line":31,"column":13}},"10":{"start":{"line":20,"column":33},"end":{"line":20,"column":69}},"11":{"start":{"line":22,"column":16},"end":{"line":25,"column":17}},"12":{"start":{"line":23,"column":20},"end":{"line":23,"column":60}},"13":{"start":{"line":27,"column":16},"end":{"line":27,"column":57}},"14":{"start":{"line":30,"column":16},"end":{"line":30,"column":31}},"15":{"start":{"line":34,"column":30},"end":{"line":34,"column":62}},"16":{"start":{"line":36,"column":12},"end":{"line":49,"column":13}},"17":{"start":{"line":38,"column":33},"end":{"line":38,"column":69}},"18":{"start":{"line":40,"column":16},"end":{"line":43,"column":17}},"19":{"start":{"line":41,"column":20},"end":{"line":41,"column":60}},"20":{"start":{"line":45,"column":16},"end":{"line":45,"column":57}},"21":{"start":{"line":48,"column":16},"end":{"line":48,"column":31}},"22":{"start":{"line":57,"column":4},"end":{"line":57,"column":18}}},"fnMap":{"0":{"name":"(anonymous_0)","decl":{"start":{"line":3,"column":26},"end":{"line":3,"column":27}},"loc":{"start":{"line":3,"column":44},"end":{"line":58,"column":1}},"line":3}},"branchMap":{"0":{"loc":{"start":{"line":14,"column":8},"end":{"line":51,"column":9}},"type":"if","locations":[{"start":{"line":14,"column":8},"end":{"line":51,"column":9}},{"start":{"line":32,"column":15},"end":{"line":51,"column":9}}],"line":14},"1":{"loc":{"start":{"line":18,"column":12},"end":{"line":31,"column":13}},"type":"if","locations":[{"start":{"line":18,"column":12},"end":{"line":31,"column":13}},{"start":{"line":29,"column":19},"end":{"line":31,"column":13}}],"line":18},"2":{"loc":{"start":{"line":22,"column":16},"end":{"line":25,"column":17}},"type":"if","locations":[{"start":{"line":22,"column":16},"end":{"line":25,"column":17}},{"start":{},"end":{}}],"line":22},"3":{"loc":{"start":{"line":36,"column":12},"end":{"line":49,"column":13}},"type":"if","locations":[{"start":{"line":36,"column":12},"end":{"line":49,"column":13}},{"start":{"line":47,"column":19},"end":{"line":49,"column":13}}],"line":36},"4":{"loc":{"start":{"line":40,"column":16},"end":{"line":43,"column":17}},"type":"if","locations":[{"start":{"line":40,"column":16},"end":{"line":43,"column":17}},{"start":{},"end":{}}],"line":40}},"s":{"0":1,"1":1,"2":7,"3":7,"4":7,"5":7,"6":7,"7":20,"8":10,"9":10,"10":4,"11":4,"12":1,"13":4,"14":6,"15":10,"16":10,"17":4,"18":4,"19":1,"20":4,"21":6,"22":7},"f":{"0":7},"b":{"0":[10,10],"1":[4,6],"2":[1,3],"3":[4,6],"4":[1,3]},"_coverageSchema":"1a1c01bbd47fc00a2c39e90264f33305004495a9","hash":"07eb77cbfd5fab1c7e7ce071620b2c3a3a7db144"}
,"E:\\_NONDE\\RR_NODE_2021Q4\\task1-ciphering-cli-tool\\exceptions\\exceptions.js": {"path":"E:\\_NONDE\\RR_NODE_2021Q4\\task1-ciphering-cli-tool\\exceptions\\exceptions.js","statementMap":{"0":{"start":{"line":5,"column":8},"end":{"line":5,"column":23}},"1":{"start":{"line":6,"column":8},"end":{"line":6,"column":25}},"2":{"start":{"line":13,"column":8},"end":{"line":13,"column":23}},"3":{"start":{"line":14,"column":8},"end":{"line":14,"column":25}},"4":{"start":{"line":15,"column":8},"end":{"line":15,"column":26}}},"fnMap":{"0":{"name":"(anonymous_0)","decl":{"start":{"line":4,"column":4},"end":{"line":4,"column":5}},"loc":{"start":{"line":4,"column":69},"end":{"line":7,"column":5}},"line":4},"1":{"name":"(anonymous_1)","decl":{"start":{"line":12,"column":4},"end":{"line":12,"column":5}},"loc":{"start":{"line":12,"column":55},"end":{"line":17,"column":5}},"line":12}},"branchMap":{"0":{"loc":{"start":{"line":4,"column":25},"end":{"line":4,"column":67}},"type":"default-arg","locations":[{"start":{"line":4,"column":32},"end":{"line":4,"column":67}}],"line":4},"1":{"loc":{"start":{"line":12,"column":31},"end":{"line":12,"column":53}},"type":"default-arg","locations":[{"start":{"line":12,"column":39},"end":{"line":12,"column":53}}],"line":12}},"s":{"0":1,"1":1,"2":1,"3":1,"4":1},"f":{"0":1,"1":1},"b":{"0":[1],"1":[1]},"_coverageSchema":"1a1c01bbd47fc00a2c39e90264f33305004495a9","hash":"1781c55f9e944aa3e45529bcfebe77090f791b4d"}
,"E:\\_NONDE\\RR_NODE_2021Q4\\task1-ciphering-cli-tool\\streams\\readableStream.js": {"path":"E:\\_NONDE\\RR_NODE_2021Q4\\task1-ciphering-cli-tool\\streams\\readableStream.js","statementMap":{"0":{"start":{"line":6,"column":4},"end":{"line":6,"column":12}},"1":{"start":{"line":7,"column":4},"end":{"line":7,"column":29}},"2":{"start":{"line":12,"column":4},"end":{"line":19,"column":7}},"3":{"start":{"line":13,"column":6},"end":{"line":18,"column":7}},"4":{"start":{"line":14,"column":8},"end":{"line":14,"column":26}},"5":{"start":{"line":16,"column":8},"end":{"line":16,"column":25}},"6":{"start":{"line":17,"column":8},"end":{"line":17,"column":24}}},"fnMap":{"0":{"name":"(anonymous_0)","decl":{"start":{"line":5,"column":2},"end":{"line":5,"column":3}},"loc":{"start":{"line":5,"column":24},"end":{"line":9,"column":3}},"line":5},"1":{"name":"(anonymous_1)","decl":{"start":{"line":11,"column":2},"end":{"line":11,"column":3}},"loc":{"start":{"line":11,"column":10},"end":{"line":20,"column":3}},"line":11},"2":{"name":"(anonymous_2)","decl":{"start":{"line":12,"column":28},"end":{"line":12,"column":29}},"loc":{"start":{"line":12,"column":44},"end":{"line":19,"column":5}},"line":12}},"branchMap":{"0":{"loc":{"start":{"line":13,"column":6},"end":{"line":18,"column":7}},"type":"if","locations":[{"start":{"line":13,"column":6},"end":{"line":18,"column":7}},{"start":{"line":15,"column":13},"end":{"line":18,"column":7}}],"line":13}},"s":{"0":0,"1":0,"2":0,"3":0,"4":0,"5":0,"6":0},"f":{"0":0,"1":0,"2":0},"b":{"0":[0,0]}}
,"E:\\_NONDE\\RR_NODE_2021Q4\\task1-ciphering-cli-tool\\streams\\transformStream.js": {"path":"E:\\_NONDE\\RR_NODE_2021Q4\\task1-ciphering-cli-tool\\streams\\transformStream.js","statementMap":{"0":{"start":{"line":11,"column":8},"end":{"line":11,"column":16}},"1":{"start":{"line":12,"column":8},"end":{"line":12,"column":29}},"2":{"start":{"line":18,"column":8},"end":{"line":29,"column":9}},"3":{"start":{"line":19,"column":25},"end":{"line":19,"column":27}},"4":{"start":{"line":20,"column":12},"end":{"line":20,"column":82}},"5":{"start":{"line":20,"column":35},"end":{"line":20,"column":82}},"6":{"start":{"line":21,"column":12},"end":{"line":21,"column":86}},"7":{"start":{"line":21,"column":36},"end":{"line":21,"column":86}},"8":{"start":{"line":22,"column":12},"end":{"line":22,"column":87}},"9":{"start":{"line":22,"column":36},"end":{"line":22,"column":87}},"10":{"start":{"line":23,"column":12},"end":{"line":23,"column":83}},"11":{"start":{"line":23,"column":36},"end":{"line":23,"column":83}},"12":{"start":{"line":24,"column":12},"end":{"line":24,"column":84}},"13":{"start":{"line":24,"column":36},"end":{"line":24,"column":84}},"14":{"start":{"line":26,"column":12},"end":{"line":26,"column":35}},"15":{"start":{"line":28,"column":12},"end":{"line":28,"column":26}}},"fnMap":{"0":{"name":"(anonymous_0)","decl":{"start":{"line":10,"column":4},"end":{"line":10,"column":5}},"loc":{"start":{"line":10,"column":26},"end":{"line":14,"column":5}},"line":10},"1":{"name":"(anonymous_1)","decl":{"start":{"line":17,"column":4},"end":{"line":17,"column":5}},"loc":{"start":{"line":17,"column":43},"end":{"line":30,"column":5}},"line":17}},"branchMap":{"0":{"loc":{"start":{"line":20,"column":12},"end":{"line":20,"column":82}},"type":"if","locations":[{"start":{"line":20,"column":12},"end":{"line":20,"column":82}},{"start":{},"end":{}}],"line":20},"1":{"loc":{"start":{"line":21,"column":12},"end":{"line":21,"column":86}},"type":"if","locations":[{"start":{"line":21,"column":12},"end":{"line":21,"column":86}},{"start":{},"end":{}}],"line":21},"2":{"loc":{"start":{"line":22,"column":12},"end":{"line":22,"column":87}},"type":"if","locations":[{"start":{"line":22,"column":12},"end":{"line":22,"column":87}},{"start":{},"end":{}}],"line":22},"3":{"loc":{"start":{"line":23,"column":12},"end":{"line":23,"column":83}},"type":"if","locations":[{"start":{"line":23,"column":12},"end":{"line":23,"column":83}},{"start":{},"end":{}}],"line":23},"4":{"loc":{"start":{"line":24,"column":12},"end":{"line":24,"column":84}},"type":"if","locations":[{"start":{"line":24,"column":12},"end":{"line":24,"column":84}},{"start":{},"end":{}}],"line":24}},"s":{"0":0,"1":0,"2":0,"3":0,"4":0,"5":0,"6":0,"7":0,"8":0,"9":0,"10":0,"11":0,"12":0,"13":0,"14":0,"15":0},"f":{"0":0,"1":0},"b":{"0":[0,0],"1":[0,0],"2":[0,0],"3":[0,0],"4":[0,0]}}
,"E:\\_NONDE\\RR_NODE_2021Q4\\task1-ciphering-cli-tool\\streams\\writeableStream.js": {"path":"E:\\_NONDE\\RR_NODE_2021Q4\\task1-ciphering-cli-tool\\streams\\writeableStream.js","statementMap":{"0":{"start":{"line":6,"column":4},"end":{"line":6,"column":12}},"1":{"start":{"line":7,"column":4},"end":{"line":7,"column":29}},"2":{"start":{"line":11,"column":4},"end":{"line":16,"column":5}},"3":{"start":{"line":12,"column":6},"end":{"line":12,"column":72}},"4":{"start":{"line":12,"column":67},"end":{"line":12,"column":70}},"5":{"start":{"line":13,"column":6},"end":{"line":13,"column":17}},"6":{"start":{"line":15,"column":6},"end":{"line":15,"column":20}}},"fnMap":{"0":{"name":"(anonymous_0)","decl":{"start":{"line":5,"column":2},"end":{"line":5,"column":3}},"loc":{"start":{"line":5,"column":24},"end":{"line":8,"column":3}},"line":5},"1":{"name":"(anonymous_1)","decl":{"start":{"line":10,"column":2},"end":{"line":10,"column":3}},"loc":{"start":{"line":10,"column":37},"end":{"line":17,"column":3}},"line":10},"2":{"name":"(anonymous_2)","decl":{"start":{"line":12,"column":60},"end":{"line":12,"column":61}},"loc":{"start":{"line":12,"column":67},"end":{"line":12,"column":70}},"line":12}},"branchMap":{},"s":{"0":0,"1":0,"2":0,"3":0,"4":0,"5":0,"6":0},"f":{"0":0,"1":0,"2":0},"b":{}}
,"E:\\_NONDE\\RR_NODE_2021Q4\\task1-ciphering-cli-tool\\validate\\validate.js": {"path":"E:\\_NONDE\\RR_NODE_2021Q4\\task1-ciphering-cli-tool\\validate\\validate.js","statementMap":{"0":{"start":{"line":4,"column":17},"end":{"line":4,"column":42}},"1":{"start":{"line":5,"column":12},"end":{"line":5,"column":23}},"2":{"start":{"line":9,"column":24},"end":{"line":69,"column":1}},"3":{"start":{"line":10,"column":4},"end":{"line":68,"column":5}},"4":{"start":{"line":13,"column":27},"end":{"line":13,"column":29}},"5":{"start":{"line":14,"column":18},"end":{"line":14,"column":19}},"6":{"start":{"line":15,"column":8},"end":{"line":49,"column":9}},"7":{"start":{"line":17,"column":12},"end":{"line":22,"column":13}},"8":{"start":{"line":19,"column":16},"end":{"line":19,"column":145}},"9":{"start":{"line":19,"column":53},"end":{"line":19,"column":145}},"10":{"start":{"line":20,"column":16},"end":{"line":20,"column":57}},"11":{"start":{"line":24,"column":12},"end":{"line":34,"column":13}},"12":{"start":{"line":26,"column":16},"end":{"line":26,"column":145}},"13":{"start":{"line":26,"column":53},"end":{"line":26,"column":145}},"14":{"start":{"line":27,"column":16},"end":{"line":31,"column":17}},"15":{"start":{"line":28,"column":20},"end":{"line":28,"column":77}},"16":{"start":{"line":30,"column":20},"end":{"line":30,"column":117}},"17":{"start":{"line":32,"column":16},"end":{"line":32,"column":57}},"18":{"start":{"line":36,"column":12},"end":{"line":45,"column":13}},"19":{"start":{"line":38,"column":16},"end":{"line":38,"column":145}},"20":{"start":{"line":38,"column":53},"end":{"line":38,"column":145}},"21":{"start":{"line":39,"column":16},"end":{"line":43,"column":17}},"22":{"start":{"line":40,"column":20},"end":{"line":40,"column":77}},"23":{"start":{"line":42,"column":20},"end":{"line":42,"column":116}},"24":{"start":{"line":44,"column":16},"end":{"line":44,"column":57}},"25":{"start":{"line":47,"column":12},"end":{"line":47,"column":21}},"26":{"start":{"line":52,"column":8},"end":{"line":52,"column":26}},"27":{"start":{"line":57,"column":8},"end":{"line":60,"column":9}},"28":{"start":{"line":58,"column":12},"end":{"line":58,"column":60}},"29":{"start":{"line":59,"column":12},"end":{"line":59,"column":30}},"30":{"start":{"line":62,"column":8},"end":{"line":66,"column":9}},"31":{"start":{"line":63,"column":12},"end":{"line":63,"column":60}},"32":{"start":{"line":64,"column":12},"end":{"line":64,"column":46}},"33":{"start":{"line":65,"column":12},"end":{"line":65,"column":30}},"34":{"start":{"line":71,"column":36},"end":{"line":93,"column":1}},"35":{"start":{"line":72,"column":4},"end":{"line":92,"column":5}},"36":{"start":{"line":73,"column":30},"end":{"line":73,"column":59}},"37":{"start":{"line":75,"column":27},"end":{"line":75,"column":29}},"38":{"start":{"line":76,"column":8},"end":{"line":76,"column":115}},"39":{"start":{"line":76,"column":26},"end":{"line":76,"column":115}},"40":{"start":{"line":77,"column":8},"end":{"line":77,"column":107}},"41":{"start":{"line":77,"column":76},"end":{"line":77,"column":107}},"42":{"start":{"line":78,"column":8},"end":{"line":84,"column":9}},"43":{"start":{"line":79,"column":33},"end":{"line":79,"column":55}},"44":{"start":{"line":80,"column":12},"end":{"line":82,"column":13}},"45":{"start":{"line":81,"column":16},"end":{"line":81,"column":153}},"46":{"start":{"line":81,"column":49},"end":{"line":81,"column":153}},"47":{"start":{"line":83,"column":12},"end":{"line":83,"column":40}},"48":{"start":{"line":85,"column":8},"end":{"line":85,"column":28}},"49":{"start":{"line":88,"column":8},"end":{"line":91,"column":9}},"50":{"start":{"line":89,"column":12},"end":{"line":89,"column":60}},"51":{"start":{"line":90,"column":12},"end":{"line":90,"column":30}}},"fnMap":{"0":{"name":"(anonymous_0)","decl":{"start":{"line":9,"column":24},"end":{"line":9,"column":25}},"loc":{"start":{"line":9,"column":36},"end":{"line":69,"column":1}},"line":9},"1":{"name":"(anonymous_1)","decl":{"start":{"line":71,"column":36},"end":{"line":71,"column":37}},"loc":{"start":{"line":71,"column":51},"end":{"line":93,"column":1}},"line":71}},"branchMap":{"0":{"loc":{"start":{"line":17,"column":12},"end":{"line":22,"column":13}},"type":"if","locations":[{"start":{"line":17,"column":12},"end":{"line":22,"column":13}},{"start":{},"end":{}}],"line":17},"1":{"loc":{"start":{"line":17,"column":16},"end":{"line":17,"column":58}},"type":"binary-expr","locations":[{"start":{"line":17,"column":16},"end":{"line":17,"column":32}},{"start":{"line":17,"column":36},"end":{"line":17,"column":58}}],"line":17},"2":{"loc":{"start":{"line":19,"column":16},"end":{"line":19,"column":145}},"type":"if","locations":[{"start":{"line":19,"column":16},"end":{"line":19,"column":145}},{"start":{},"end":{}}],"line":19},"3":{"loc":{"start":{"line":24,"column":12},"end":{"line":34,"column":13}},"type":"if","locations":[{"start":{"line":24,"column":12},"end":{"line":34,"column":13}},{"start":{},"end":{}}],"line":24},"4":{"loc":{"start":{"line":24,"column":16},"end":{"line":24,"column":57}},"type":"binary-expr","locations":[{"start":{"line":24,"column":16},"end":{"line":24,"column":32}},{"start":{"line":24,"column":36},"end":{"line":24,"column":57}}],"line":24},"5":{"loc":{"start":{"line":26,"column":16},"end":{"line":26,"column":145}},"type":"if","locations":[{"start":{"line":26,"column":16},"end":{"line":26,"column":145}},{"start":{},"end":{}}],"line":26},"6":{"loc":{"start":{"line":36,"column":12},"end":{"line":45,"column":13}},"type":"if","locations":[{"start":{"line":36,"column":12},"end":{"line":45,"column":13}},{"start":{},"end":{}}],"line":36},"7":{"loc":{"start":{"line":36,"column":16},"end":{"line":36,"column":58}},"type":"binary-expr","locations":[{"start":{"line":36,"column":16},"end":{"line":36,"column":32}},{"start":{"line":36,"column":36},"end":{"line":36,"column":58}}],"line":36},"8":{"loc":{"start":{"line":38,"column":16},"end":{"line":38,"column":145}},"type":"if","locations":[{"start":{"line":38,"column":16},"end":{"line":38,"column":145}},{"start":{},"end":{}}],"line":38},"9":{"loc":{"start":{"line":57,"column":8},"end":{"line":60,"column":9}},"type":"if","locations":[{"start":{"line":57,"column":8},"end":{"line":60,"column":9}},{"start":{},"end":{}}],"line":57},"10":{"loc":{"start":{"line":62,"column":8},"end":{"line":66,"column":9}},"type":"if","locations":[{"start":{"line":62,"column":8},"end":{"line":66,"column":9}},{"start":{},"end":{}}],"line":62},"11":{"loc":{"start":{"line":76,"column":8},"end":{"line":76,"column":115}},"type":"if","locations":[{"start":{"line":76,"column":8},"end":{"line":76,"column":115}},{"start":{},"end":{}}],"line":76},"12":{"loc":{"start":{"line":77,"column":8},"end":{"line":77,"column":107}},"type":"if","locations":[{"start":{"line":77,"column":8},"end":{"line":77,"column":107}},{"start":{},"end":{}}],"line":77},"13":{"loc":{"start":{"line":77,"column":12},"end":{"line":77,"column":74}},"type":"binary-expr","locations":[{"start":{"line":77,"column":12},"end":{"line":77,"column":35}},{"start":{"line":77,"column":39},"end":{"line":77,"column":74}}],"line":77},"14":{"loc":{"start":{"line":78,"column":8},"end":{"line":84,"column":9}},"type":"if","locations":[{"start":{"line":78,"column":8},"end":{"line":84,"column":9}},{"start":{},"end":{}}],"line":78},"15":{"loc":{"start":{"line":81,"column":16},"end":{"line":81,"column":153}},"type":"if","locations":[{"start":{"line":81,"column":16},"end":{"line":81,"column":153}},{"start":{},"end":{}}],"line":81},"16":{"loc":{"start":{"line":88,"column":8},"end":{"line":91,"column":9}},"type":"if","locations":[{"start":{"line":88,"column":8},"end":{"line":91,"column":9}},{"start":{},"end":{}}],"line":88}},"s":{"0":0,"1":0,"2":0,"3":0,"4":0,"5":0,"6":0,"7":0,"8":0,"9":0,"10":0,"11":0,"12":0,"13":0,"14":0,"15":0,"16":0,"17":0,"18":0,"19":0,"20":0,"21":0,"22":0,"23":0,"24":0,"25":0,"26":0,"27":0,"28":0,"29":0,"30":0,"31":0,"32":0,"33":0,"34":0,"35":0,"36":0,"37":0,"38":0,"39":0,"40":0,"41":0,"42":0,"43":0,"44":0,"45":0,"46":0,"47":0,"48":0,"49":0,"50":0,"51":0},"f":{"0":0,"1":0},"b":{"0":[0,0],"1":[0,0],"2":[0,0],"3":[0,0],"4":[0,0],"5":[0,0],"6":[0,0],"7":[0,0],"8":[0,0],"9":[0,0],"10":[0,0],"11":[0,0],"12":[0,0],"13":[0,0],"14":[0,0],"15":[0,0],"16":[0,0]}}
}
