{"E:\\_NONDE\\RR_NODE_2021Q4\\task1-ciphering-cli-tool\\chipier\\chipierAtbash.js": {"path":"E:\\_NONDE\\RR_NODE_2021Q4\\task1-ciphering-cli-tool\\chipier\\chipierAtbash.js","statementMap":{"0":{"start":{"line":1,"column":12},"end":{"line":1,"column":23}},"1":{"start":{"line":3,"column":29},"end":{"line":43,"column":1}},"2":{"start":{"line":5,"column":31},"end":{"line":5,"column":59}},"3":{"start":{"line":6,"column":31},"end":{"line":6,"column":63}},"4":{"start":{"line":7,"column":26},"end":{"line":7,"column":51}},"5":{"start":{"line":9,"column":17},"end":{"line":9,"column":19}},"6":{"start":{"line":11,"column":4},"end":{"line":40,"column":5}},"7":{"start":{"line":13,"column":8},"end":{"line":38,"column":9}},"8":{"start":{"line":16,"column":30},"end":{"line":16,"column":62}},"9":{"start":{"line":18,"column":12},"end":{"line":24,"column":13}},"10":{"start":{"line":19,"column":35},"end":{"line":19,"column":66}},"11":{"start":{"line":20,"column":16},"end":{"line":20,"column":57}},"12":{"start":{"line":23,"column":16},"end":{"line":23,"column":31}},"13":{"start":{"line":28,"column":30},"end":{"line":28,"column":62}},"14":{"start":{"line":30,"column":12},"end":{"line":36,"column":13}},"15":{"start":{"line":31,"column":35},"end":{"line":31,"column":66}},"16":{"start":{"line":32,"column":16},"end":{"line":32,"column":57}},"17":{"start":{"line":35,"column":16},"end":{"line":35,"column":31}},"18":{"start":{"line":42,"column":4},"end":{"line":42,"column":18}}},"fnMap":{"0":{"name":"(anonymous_0)","decl":{"start":{"line":3,"column":29},"end":{"line":3,"column":30}},"loc":{"start":{"line":3,"column":37},"end":{"line":43,"column":1}},"line":3}},"branchMap":{"0":{"loc":{"start":{"line":13,"column":8},"end":{"line":38,"column":9}},"type":"if","locations":[{"start":{"line":13,"column":8},"end":{"line":38,"column":9}},{"start":{"line":26,"column":15},"end":{"line":38,"column":9}}],"line":13},"1":{"loc":{"start":{"line":18,"column":12},"end":{"line":24,"column":13}},"type":"if","locations":[{"start":{"line":18,"column":12},"end":{"line":24,"column":13}},{"start":{"line":22,"column":19},"end":{"line":24,"column":13}}],"line":18},"2":{"loc":{"start":{"line":30,"column":12},"end":{"line":36,"column":13}},"type":"if","locations":[{"start":{"line":30,"column":12},"end":{"line":36,"column":13}},{"start":{"line":34,"column":19},"end":{"line":36,"column":13}}],"line":30}},"s":{"0":1,"1":1,"2":1,"3":1,"4":1,"5":1,"6":1,"7":3,"8":3,"9":3,"10":3,"11":3,"12":0,"13":0,"14":0,"15":0,"16":0,"17":0,"18":1},"f":{"0":1},"b":{"0":[3,0],"1":[3,0],"2":[0,0]},"_coverageSchema":"1a1c01bbd47fc00a2c39e90264f33305004495a9","hash":"e2d0d3670dd4eb934a68908e6ac3881fdc95fe8f"}
}
