TN:
SF:app.js
FN:9,(anonymous_0)
FN:15,(anonymous_1)
FN:26,(anonymous_2)
FNF:3
FNH:1
FNDA:4,(anonymous_0)
FNDA:0,(anonymous_1)
FNDA:0,(anonymous_2)
DA:7,1
DA:9,1
DA:10,4
DA:11,4
DA:13,4
DA:15,0
DA:17,0
DA:18,0
DA:22,0
DA:27,0
DA:28,0
DA:30,0
DA:35,4
LF:13
LH:6
BRDA:17,0,0,0
BRDA:17,0,1,0
BRDA:18,1,0,0
BRDA:18,1,1,0
BRDA:27,2,0,0
BRDA:27,2,1,0
BRF:6
BRH:0
end_of_record
TN:
SF:index.js
FNF:0
FNH:0
DA:3,0
LF:1
LH:0
BRF:0
BRH:0
end_of_record
TN:
SF:chipier\chipierAtbash.js
FN:3,(anonymous_0)
FNF:1
FNH:1
FNDA:4,(anonymous_0)
DA:1,2
DA:3,2
DA:5,4
DA:6,4
DA:7,4
DA:9,4
DA:11,4
DA:13,15
DA:16,9
DA:18,9
DA:19,3
DA:20,3
DA:23,6
DA:28,6
DA:30,6
DA:31,3
DA:32,3
DA:35,3
DA:42,4
LF:19
LH:19
BRDA:13,0,0,9
BRDA:13,0,1,6
BRDA:18,1,0,3
BRDA:18,1,1,6
BRDA:30,2,0,3
BRDA:30,2,1,3
BRF:6
BRH:6
end_of_record
TN:
SF:chipier\chipierCaesar.js
FN:3,(anonymous_0)
FNF:1
FNH:1
FNDA:7,(anonymous_0)
DA:1,2
DA:3,2
DA:5,7
DA:6,7
DA:7,7
DA:10,7
DA:12,7
DA:14,24
DA:16,12
DA:18,12
DA:20,6
DA:22,6
DA:23,3
DA:24,3
DA:27,6
DA:30,6
DA:34,12
DA:36,12
DA:38,6
DA:40,6
DA:41,3
DA:45,6
DA:48,6
DA:57,7
LF:24
LH:24
BRDA:14,0,0,12
BRDA:14,0,1,12
BRDA:18,1,0,6
BRDA:18,1,1,6
BRDA:22,2,0,3
BRDA:22,2,1,3
BRDA:36,3,0,6
BRDA:36,3,1,6
BRDA:40,4,0,3
BRDA:40,4,1,3
BRF:10
BRH:10
end_of_record
TN:
SF:chipier\chipierROT8.js
FN:3,(anonymous_0)
FNF:1
FNH:1
FNDA:7,(anonymous_0)
DA:1,2
DA:3,2
DA:5,7
DA:6,7
DA:7,7
DA:10,7
DA:12,7
DA:14,20
DA:16,10
DA:18,10
DA:20,4
DA:22,4
DA:23,1
DA:27,4
DA:30,6
DA:34,10
DA:36,10
DA:38,4
DA:40,4
DA:41,1
DA:45,4
DA:48,6
DA:57,7
LF:23
LH:23
BRDA:14,0,0,10
BRDA:14,0,1,10
BRDA:18,1,0,4
BRDA:18,1,1,6
BRDA:22,2,0,1
BRDA:22,2,1,3
BRDA:36,3,0,4
BRDA:36,3,1,6
BRDA:40,4,0,1
BRDA:40,4,1,3
BRF:10
BRH:10
end_of_record
TN:
SF:exceptions\exceptions.js
FN:4,(anonymous_0)
FN:12,(anonymous_1)
FNF:2
FNH:2
FNDA:3,(anonymous_0)
FNDA:7,(anonymous_1)
DA:5,3
DA:6,3
DA:13,7
DA:14,7
DA:15,7
LF:5
LH:5
BRDA:4,0,0,1
BRDA:12,1,0,7
BRF:2
BRH:2
end_of_record
TN:
SF:streams\readableStream.js
FN:5,(anonymous_0)
FN:11,(anonymous_1)
FN:12,(anonymous_2)
FNF:3
FNH:0
FNDA:0,(anonymous_0)
FNDA:0,(anonymous_1)
FNDA:0,(anonymous_2)
DA:6,0
DA:7,0
DA:12,0
DA:13,0
DA:14,0
DA:16,0
DA:17,0
LF:7
LH:0
BRDA:13,0,0,0
BRDA:13,0,1,0
BRF:2
BRH:0
end_of_record
TN:
SF:streams\transformStream.js
FN:10,(anonymous_0)
FN:17,(anonymous_1)
FNF:2
FNH:0
FNDA:0,(anonymous_0)
FNDA:0,(anonymous_1)
DA:11,0
DA:12,0
DA:18,0
DA:19,0
DA:20,0
DA:21,0
DA:22,0
DA:23,0
DA:24,0
DA:26,0
DA:28,0
LF:11
LH:0
BRDA:20,0,0,0
BRDA:20,0,1,0
BRDA:21,1,0,0
BRDA:21,1,1,0
BRDA:22,2,0,0
BRDA:22,2,1,0
BRDA:23,3,0,0
BRDA:23,3,1,0
BRDA:24,4,0,0
BRDA:24,4,1,0
BRF:10
BRH:0
end_of_record
TN:
SF:streams\writeableStream.js
FN:5,(anonymous_0)
FN:10,(anonymous_1)
FN:12,(anonymous_2)
FNF:3
FNH:0
FNDA:0,(anonymous_0)
FNDA:0,(anonymous_1)
FNDA:0,(anonymous_2)
DA:6,0
DA:7,0
DA:11,0
DA:12,0
DA:13,0
DA:15,0
LF:6
LH:0
BRF:0
BRH:0
end_of_record
TN:
SF:validate\validate.js
FN:9,(anonymous_0)
FN:71,(anonymous_1)
FNF:2
FNH:2
FNDA:9,(anonymous_0)
FNDA:3,(anonymous_1)
DA:4,2
DA:5,2
DA:9,2
DA:10,9
DA:13,9
DA:14,9
DA:15,9
DA:17,36
DA:19,5
DA:20,3
DA:24,34
DA:26,3
DA:27,3
DA:28,3
DA:30,2
DA:32,1
DA:36,32
DA:38,5
DA:39,5
DA:40,5
DA:42,4
DA:44,1
DA:47,28
DA:52,1
DA:57,8
DA:58,2
DA:59,2
DA:62,8
DA:63,6
DA:64,6
DA:65,6
DA:71,2
DA:72,3
DA:73,3
DA:75,3
DA:76,3
DA:77,3
DA:78,1
DA:79,1
DA:81,2
DA:82,1
DA:83,1
DA:85,2
DA:87,1
DA:92,0
DA:93,0
DA:94,0
LF:47
LH:44
BRDA:17,0,0,5
BRDA:17,0,1,31
BRDA:17,1,0,36
BRDA:17,1,1,31
BRDA:19,2,0,2
BRDA:19,2,1,3
BRDA:24,3,0,3
BRDA:24,3,1,31
BRDA:24,4,0,34
BRDA:24,4,1,31
BRDA:26,5,0,0
BRDA:26,5,1,3
BRDA:36,6,0,5
BRDA:36,6,1,27
BRDA:36,7,0,32
BRDA:36,7,1,27
BRDA:38,8,0,0
BRDA:38,8,1,5
BRDA:57,9,0,2
BRDA:57,9,1,6
BRDA:62,10,0,6
BRDA:62,10,1,2
BRDA:76,11,0,0
BRDA:76,11,1,3
BRDA:77,12,0,1
BRDA:77,12,1,2
BRDA:77,13,0,3
BRDA:77,13,1,2
BRDA:81,14,0,1
BRDA:81,14,1,1
BRDA:85,15,0,0
BRDA:85,15,1,2
BRDA:92,16,0,0
BRDA:92,16,1,0
BRF:34
BRH:28
end_of_record
