TN:
SF:index.js
FN:9,(anonymous_0)
FN:15,(anonymous_1)
FN:26,(anonymous_2)
FNF:3
FNH:0
FNDA:0,(anonymous_0)
FNDA:0,(anonymous_1)
FNDA:0,(anonymous_2)
DA:7,0
DA:9,0
DA:10,0
DA:11,0
DA:13,0
DA:15,0
DA:17,0
DA:18,0
DA:22,0
DA:27,0
DA:28,0
DA:30,0
DA:35,0
DA:40,0
LF:14
LH:0
BRDA:17,0,0,0
BRDA:17,0,1,0
BRDA:18,1,0,0
BRDA:18,1,1,0
BRDA:27,2,0,0
BRDA:27,2,1,0
BRF:6
BRH:0
end_of_record
TN:
SF:chipier\chipierAtbash.js
FN:3,(anonymous_0)
FNF:1
FNH:1
FNDA:4,(anonymous_0)
DA:1,1
DA:3,1
DA:5,4
DA:6,4
DA:7,4
DA:9,4
DA:11,4
DA:13,15
DA:16,9
DA:18,9
DA:19,3
DA:20,3
DA:23,6
DA:28,6
DA:30,6
DA:31,3
DA:32,3
DA:35,3
DA:42,4
LF:19
LH:19
BRDA:13,0,0,9
BRDA:13,0,1,6
BRDA:18,1,0,3
BRDA:18,1,1,6
BRDA:30,2,0,3
BRDA:30,2,1,3
BRF:6
BRH:6
end_of_record
TN:
SF:chipier\chipierCaesar.js
FN:3,(anonymous_0)
FNF:1
FNH:1
FNDA:7,(anonymous_0)
DA:1,1
DA:3,1
DA:5,7
DA:6,7
DA:7,7
DA:10,7
DA:12,7
DA:14,24
DA:16,12
DA:18,12
DA:20,6
DA:22,6
DA:23,3
DA:24,3
DA:27,6
DA:30,6
DA:34,12
DA:36,12
DA:38,6
DA:40,6
DA:41,3
DA:45,6
DA:48,6
DA:57,7
LF:24
LH:24
BRDA:14,0,0,12
BRDA:14,0,1,12
BRDA:18,1,0,6
BRDA:18,1,1,6
BRDA:22,2,0,3
BRDA:22,2,1,3
BRDA:36,3,0,6
BRDA:36,3,1,6
BRDA:40,4,0,3
BRDA:40,4,1,3
BRF:10
BRH:10
end_of_record
TN:
SF:chipier\chipierROT8.js
FN:3,(anonymous_0)
FNF:1
FNH:1
FNDA:7,(anonymous_0)
DA:1,1
DA:3,1
DA:5,7
DA:6,7
DA:7,7
DA:10,7
DA:12,7
DA:14,20
DA:16,10
DA:18,10
DA:20,4
DA:22,4
DA:23,1
DA:27,4
DA:30,6
DA:34,10
DA:36,10
DA:38,4
DA:40,4
DA:41,1
DA:45,4
DA:48,6
DA:57,7
LF:23
LH:23
BRDA:14,0,0,10
BRDA:14,0,1,10
BRDA:18,1,0,4
BRDA:18,1,1,6
BRDA:22,2,0,1
BRDA:22,2,1,3
BRDA:36,3,0,4
BRDA:36,3,1,6
BRDA:40,4,0,1
BRDA:40,4,1,3
BRF:10
BRH:10
end_of_record
TN:
SF:exceptions\exceptions.js
FN:4,(anonymous_0)
FN:12,(anonymous_1)
FNF:2
FNH:2
FNDA:2,(anonymous_0)
FNDA:4,(anonymous_1)
DA:5,2
DA:6,2
DA:13,4
DA:14,4
DA:15,4
LF:5
LH:5
BRDA:4,0,0,1
BRDA:12,1,0,4
BRF:2
BRH:2
end_of_record
TN:
SF:streams\readableStream.js
FN:5,(anonymous_0)
FN:11,(anonymous_1)
FN:12,(anonymous_2)
FNF:3
FNH:0
FNDA:0,(anonymous_0)
FNDA:0,(anonymous_1)
FNDA:0,(anonymous_2)
DA:6,0
DA:7,0
DA:12,0
DA:13,0
DA:14,0
DA:16,0
DA:17,0
LF:7
LH:0
BRDA:13,0,0,0
BRDA:13,0,1,0
BRF:2
BRH:0
end_of_record
TN:
SF:streams\transformStream.js
FN:10,(anonymous_0)
FN:17,(anonymous_1)
FNF:2
FNH:0
FNDA:0,(anonymous_0)
FNDA:0,(anonymous_1)
DA:11,0
DA:12,0
DA:18,0
DA:19,0
DA:20,0
DA:21,0
DA:22,0
DA:23,0
DA:24,0
DA:26,0
DA:28,0
LF:11
LH:0
BRDA:20,0,0,0
BRDA:20,0,1,0
BRDA:21,1,0,0
BRDA:21,1,1,0
BRDA:22,2,0,0
BRDA:22,2,1,0
BRDA:23,3,0,0
BRDA:23,3,1,0
BRDA:24,4,0,0
BRDA:24,4,1,0
BRF:10
BRH:0
end_of_record
TN:
SF:streams\writeableStream.js
FN:5,(anonymous_0)
FN:10,(anonymous_1)
FN:12,(anonymous_2)
FNF:3
FNH:0
FNDA:0,(anonymous_0)
FNDA:0,(anonymous_1)
FNDA:0,(anonymous_2)
DA:6,0
DA:7,0
DA:11,0
DA:12,0
DA:13,0
DA:15,0
LF:6
LH:0
BRF:0
BRH:0
end_of_record
TN:
SF:validate\validate.js
FN:9,(anonymous_0)
FN:71,(anonymous_1)
FNF:2
FNH:2
FNDA:5,(anonymous_0)
FNDA:3,(anonymous_1)
DA:4,1
DA:5,1
DA:9,1
DA:10,5
DA:13,5
DA:14,5
DA:15,5
DA:17,22
DA:19,3
DA:20,2
DA:24,21
DA:26,2
DA:27,2
DA:28,2
DA:30,1
DA:32,1
DA:36,20
DA:38,3
DA:39,3
DA:40,3
DA:42,2
DA:44,1
DA:47,18
DA:52,1
DA:57,4
DA:58,1
DA:59,1
DA:62,4
DA:63,3
DA:64,3
DA:65,3
DA:71,1
DA:72,3
DA:73,3
DA:75,3
DA:76,3
DA:77,3
DA:78,3
DA:79,0
DA:80,0
DA:81,0
DA:83,0
DA:85,3
DA:88,0
DA:89,0
DA:90,0
LF:46
LH:39
BRDA:17,0,0,3
BRDA:17,0,1,19
BRDA:17,1,0,22
BRDA:17,1,1,19
BRDA:19,2,0,1
BRDA:19,2,1,2
BRDA:24,3,0,2
BRDA:24,3,1,19
BRDA:24,4,0,21
BRDA:24,4,1,19
BRDA:26,5,0,0
BRDA:26,5,1,2
BRDA:36,6,0,3
BRDA:36,6,1,17
BRDA:36,7,0,20
BRDA:36,7,1,17
BRDA:38,8,0,0
BRDA:38,8,1,3
BRDA:57,9,0,1
BRDA:57,9,1,3
BRDA:62,10,0,3
BRDA:62,10,1,1
BRDA:76,11,0,0
BRDA:76,11,1,3
BRDA:77,12,0,0
BRDA:77,12,1,3
BRDA:77,13,0,3
BRDA:77,13,1,3
BRDA:78,14,0,0
BRDA:78,14,1,3
BRDA:81,15,0,0
BRDA:81,15,1,0
BRDA:88,16,0,0
BRDA:88,16,1,0
BRF:34
BRH:25
end_of_record
